[0m23:53:17.216250 [debug] [MainThread]: Sending event: {'category': 'dbt', 'action': 'invocation', 'label': 'start', 'context': [<snowplow_tracker.self_describing_json.SelfDescribingJson object at 0x7f9e1f789390>, <snowplow_tracker.self_describing_json.SelfDescribingJson object at 0x7f9e1de50430>, <snowplow_tracker.self_describing_json.SelfDescribingJson object at 0x7f9e1de50490>]}


============================== 23:53:17.219842 | 8fe5810c-2dd2-4a9e-8ce0-4e4b27674d00 ==============================
[0m23:53:17.219842 [info ] [MainThread]: Running with dbt=1.8.3
[0m23:53:17.220413 [debug] [MainThread]: running dbt with arguments {'printer_width': '80', 'indirect_selection': 'eager', 'write_json': 'True', 'log_cache_events': 'False', 'partial_parse': 'True', 'cache_selected_only': 'False', 'profiles_dir': './', 'debug': 'False', 'warn_error': 'None', 'log_path': 'logs', 'version_check': 'True', 'fail_fast': 'False', 'use_colors': 'True', 'use_experimental_parser': 'False', 'no_print': 'None', 'quiet': 'False', 'empty': 'None', 'log_format': 'default', 'introspect': 'True', 'warn_error_options': 'WarnErrorOptions(include=[], exclude=[])', 'invocation_command': 'dbt init --profiles-dir ./', 'target_path': 'None', 'static_parser': 'True', 'send_anonymous_usage_stats': 'True'}
[0m23:53:45.771775 [debug] [MainThread]: Starter project path: /home/tranbac1128/.local/lib/python3.10/site-packages/dbt/include/starter_project
[0m23:53:45.779061 [info ] [MainThread]: 
Your new dbt project "dbt_transform" was created!

For more information on how to configure the profiles.yml file,
please consult the dbt documentation here:

  https://docs.getdbt.com/docs/configure-your-profile

One more thing:

Need help? Don't hesitate to reach out to us via GitHub issues or on Slack:

  https://community.getdbt.com/

Happy modeling!

[0m23:53:45.779748 [info ] [MainThread]: Setting up your profile.
[0m23:55:56.912495 [info ] [MainThread]: Profile dbt_transform written to profiles.yml using target's profile_template.yml and your supplied values. Run 'dbt debug' to validate the connection.
[0m23:55:56.915420 [debug] [MainThread]: Resource report: {"command_name": "init", "command_success": true, "command_wall_clock_time": 159.75485, "process_user_time": 1.754666, "process_kernel_time": 0.801263, "process_mem_max_rss": "123344", "process_in_blocks": "23112", "process_out_blocks": "88"}
[0m23:55:56.916314 [debug] [MainThread]: Command `dbt init` succeeded at 23:55:56.916141 after 159.76 seconds
[0m23:55:56.916784 [debug] [MainThread]: Sending event: {'category': 'dbt', 'action': 'invocation', 'label': 'end', 'context': [<snowplow_tracker.self_describing_json.SelfDescribingJson object at 0x7f9e1f789390>, <snowplow_tracker.self_describing_json.SelfDescribingJson object at 0x7f9e1dd6c700>, <snowplow_tracker.self_describing_json.SelfDescribingJson object at 0x7f9e1de51870>]}
[0m23:55:56.917196 [debug] [MainThread]: Flushing usage events
[0m23:58:25.301165 [debug] [MainThread]: Sending event: {'category': 'dbt', 'action': 'invocation', 'label': 'start', 'context': [<snowplow_tracker.self_describing_json.SelfDescribingJson object at 0x7face87ed2d0>, <snowplow_tracker.self_describing_json.SelfDescribingJson object at 0x7face6eb8430>, <snowplow_tracker.self_describing_json.SelfDescribingJson object at 0x7face6eb8490>]}


============================== 23:58:25.304615 | b1d92e1c-ed83-4895-894d-5f213aec9b0c ==============================
[0m23:58:25.304615 [info ] [MainThread]: Running with dbt=1.8.3
[0m23:58:25.305314 [debug] [MainThread]: running dbt with arguments {'printer_width': '80', 'indirect_selection': 'eager', 'log_cache_events': 'False', 'write_json': 'True', 'partial_parse': 'True', 'cache_selected_only': 'False', 'warn_error': 'None', 'debug': 'False', 'version_check': 'True', 'log_path': 'logs', 'profiles_dir': './', 'fail_fast': 'False', 'use_colors': 'True', 'use_experimental_parser': 'False', 'empty': 'False', 'quiet': 'False', 'no_print': 'None', 'log_format': 'default', 'invocation_command': 'dbt run --profiles-dir ./', 'static_parser': 'True', 'warn_error_options': 'WarnErrorOptions(include=[], exclude=[])', 'target_path': 'None', 'introspect': 'True', 'send_anonymous_usage_stats': 'True'}
[0m23:58:25.305799 [error] [MainThread]: Encountered an error:
Runtime Error
  No dbt_project.yml found at expected path /home/tranbac1128/YOUTUBE_ETL_PIPELINE/etl_pipeline/dbt_project.yml
  Verify that each entry within packages.yml (and their transitive dependencies) contains a file named dbt_project.yml
  
[0m23:58:25.306546 [debug] [MainThread]: Resource report: {"command_name": "run", "command_wall_clock_time": 0.055310033, "process_user_time": 1.537305, "process_kernel_time": 0.823202, "process_mem_max_rss": "114592", "process_in_blocks": "4352", "process_out_blocks": "16", "command_success": false}
[0m23:58:25.307041 [debug] [MainThread]: Command `dbt run` failed at 23:58:25.306952 after 0.06 seconds
[0m23:58:25.307387 [debug] [MainThread]: Sending event: {'category': 'dbt', 'action': 'invocation', 'label': 'end', 'context': [<snowplow_tracker.self_describing_json.SelfDescribingJson object at 0x7face87ed2d0>, <snowplow_tracker.self_describing_json.SelfDescribingJson object at 0x7face6eb8370>, <snowplow_tracker.self_describing_json.SelfDescribingJson object at 0x7face6eb8400>]}
[0m23:58:25.307796 [debug] [MainThread]: Flushing usage events
